[15:34:35] [main/INFO] (FabricLoader/GameProvider) Loading Minecraft 1.19 with Fabric Loader 0.14.6
[15:34:35] [main/INFO] (FabricLoader) Loading 43 mods:
	- fabric 0.55.1+1.19
	- fabric-api-base 0.4.8+e62f51a357
	- fabric-api-lookup-api-v1 1.6.5+9ff28f4057
	- fabric-biome-api-v1 9.0.11+e62f51a357
	- fabric-blockrenderlayer-v1 1.1.17+9ff28f4057
	- fabric-command-api-v2 2.0.1+e62f51a357
	- fabric-content-registries-v0 3.0.15+9ff28f4057
	- fabric-convention-tags-v1 1.0.7+37622d2457
	- fabric-crash-report-info-v1 0.2.2+bd0a0d4a57
	- fabric-data-generation-api-v1 5.0.0+2a5b921057
	- fabric-dimensions-v1 2.1.26+72da3b3d57
	- fabric-entity-events-v1 1.4.15+9ff28f4057
	- fabric-events-interaction-v0 0.4.25+9ff28f4057
	- fabric-game-rule-api-v1 1.0.18+1899036157
	- fabric-gametest-api-v1 1.0.29+e62f51a357
	- fabric-item-api-v1 1.5.3+767db26e57
	- fabric-item-groups-v0 0.3.22+9ff28f4057
	- fabric-key-binding-api-v1 1.0.17+9ff28f4057
	- fabric-lifecycle-events-v1 2.0.8+21a5acaa57
	- fabric-loot-api-v2 1.0.0+9e7660c657
	- fabric-message-api-v1 1.0.0+513f4a5957
	- fabric-mining-level-api-v1 2.1.6+9ff28f4057
	- fabric-models-v0 0.3.14+9ff28f4057
	- fabric-networking-api-v1 1.0.26+7fe9740957
	- fabric-object-builder-api-v1 4.0.4+9ff28f4057
	- fabric-particles-v1 1.0.7+9ff28f4057
	- fabric-registry-sync-v0 0.9.15+92cf9a3e57
	- fabric-renderer-api-v1 1.0.7+9ff28f4057
	- fabric-renderer-indigo 0.6.5+9ff28f4057
	- fabric-rendering-data-attachment-v1 0.3.11+9ff28f4057
	- fabric-rendering-fluids-v1 3.0.4+9ff28f4057
	- fabric-rendering-v1 1.10.13+9ff28f4057
	- fabric-resource-conditions-api-v1 2.0.8+e62f51a357
	- fabric-resource-loader-v0 0.5.2+9e7660c657
	- fabric-screen-api-v1 1.0.22+9ff28f4057
	- fabric-screen-handler-api-v1 1.2.5+9ff28f4057
	- fabric-textures-v0 1.0.17+9ff28f4057
	- fabric-transfer-api-v1 2.0.7+e62f51a357
	- fabric-transitive-access-wideners-v1 1.1.0+9e7660c657
	- fabricloader 0.14.6
	- java 17
	- minecraft 1.19
	- villagers-follow-emeralds 1.3.0
[15:34:37] [main/INFO] (FabricLoader/Mixin) SpongePowered MIXIN Subsystem Version=0.8.5 Source=file:/Users/SAATHVIK/.gradle/caches/modules-2/files-2.1/net.fabricmc/sponge-mixin/0.11.4+mixin.0.8.5/c1dc27696aa4006e492c2485c9ccbcb26045a971/sponge-mixin-0.11.4+mixin.0.8.5.jar Service=Knot/Fabric Env=CLIENT
[15:34:37] [main/INFO] (FabricLoader/Mixin) Loaded Fabric development mappings for mixin remapper!
[15:34:37] [main/INFO] (FabricLoader/Mixin) Compatibility level set to JAVA_16
[15:34:37] [main/INFO] (FabricLoader/Mixin) Compatibility level set to JAVA_17
[15:34:41] [main/WARN] (FileUtil) Configuration conflict: there is more than one oshi.properties file on the classpath
[15:34:41] [main/WARN] (FileUtil) Configuration conflict: there is more than one oshi.architecture.properties file on the classpath
[15:34:59] [main/INFO] (Minecraft) Building optimized datafixer
[15:35:13] [Render thread/INFO] (Minecraft) Environment: authHost='https://authserver.mojang.com', accountsHost='https://api.mojang.com', sessionHost='https://sessionserver.mojang.com', servicesHost='https://api.minecraftservices.com', name='PROD'
[15:35:16] [Render thread/ERROR] (Minecraft) Failed to verify authentication
com.mojang.authlib.exceptions.InvalidCredentialsException: Status: 401
	at com.mojang.authlib.exceptions.MinecraftClientHttpException.toAuthenticationException(MinecraftClientHttpException.java:56) ~[authlib-3.5.41.jar:?]
	at com.mojang.authlib.yggdrasil.YggdrasilUserApiService.fetchProperties(YggdrasilUserApiService.java:140) ~[authlib-3.5.41.jar:?]
	at com.mojang.authlib.yggdrasil.YggdrasilUserApiService.<init>(YggdrasilUserApiService.java:47) ~[authlib-3.5.41.jar:?]
	at com.mojang.authlib.yggdrasil.YggdrasilAuthenticationService.createUserApiService(YggdrasilAuthenticationService.java:158) ~[authlib-3.5.41.jar:?]
	at net.minecraft.client.MinecraftClient.createUserApiService(MinecraftClient.java:677) [minecraft-project-@-merged-named.jar:?]
	at net.minecraft.client.MinecraftClient.<init>(MinecraftClient.java:415) [minecraft-project-@-merged-named.jar:?]
	at net.minecraft.client.main.Main.main(Main.java:198) [minecraft-project-@-merged-named.jar:?]
	at net.fabricmc.loader.impl.game.minecraft.MinecraftGameProvider.launch(MinecraftGameProvider.java:460) [fabric-loader-0.14.6.jar:?]
	at net.fabricmc.loader.impl.launch.knot.Knot.launch(Knot.java:74) [fabric-loader-0.14.6.jar:?]
	at net.fabricmc.loader.impl.launch.knot.KnotClient.main(KnotClient.java:23) [fabric-loader-0.14.6.jar:?]
	at net.fabricmc.devlaunchinjector.Main.main(Main.java:86) [dev-launch-injector-0.2.1+build.8.jar:?]
Caused by: com.mojang.authlib.exceptions.MinecraftClientHttpException: Status: 401
	at com.mojang.authlib.minecraft.client.MinecraftClient.readInputStream(MinecraftClient.java:85) ~[authlib-3.5.41.jar:?]
	at com.mojang.authlib.minecraft.client.MinecraftClient.get(MinecraftClient.java:48) ~[authlib-3.5.41.jar:?]
	at com.mojang.authlib.yggdrasil.YggdrasilUserApiService.fetchProperties(YggdrasilUserApiService.java:121) ~[authlib-3.5.41.jar:?]
	... 9 more
[15:35:16] [Render thread/INFO] (Minecraft) Setting user: Player131
[15:35:17] [Render thread/INFO] (Indigo) [Indigo] Registering Indigo renderer!
[15:35:21] [Render thread/INFO] (Minecraft) Backend library: LWJGL version 3.3.1 SNAPSHOT
[15:35:28] [Worker-Main-4/ERROR] (Minecraft) Failed to retrieve profile key pair
java.io.IOException: Could not retrieve profile key pair
	at net.minecraft.client.util.ProfileKeys.fetchKeyPair(ProfileKeys.java:112) ~[minecraft-project-@-merged-named.jar:?]
	at net.minecraft.client.util.ProfileKeys.method_44291(ProfileKeys.java:56) ~[minecraft-project-@-merged-named.jar:?]
	at java.util.concurrent.CompletableFuture$AsyncSupply.run(CompletableFuture.java:1768) [?:?]
	at java.util.concurrent.CompletableFuture$AsyncSupply.exec(CompletableFuture.java:1760) [?:?]
	at java.util.concurrent.ForkJoinTask.doExec(ForkJoinTask.java:373) [?:?]
	at java.util.concurrent.ForkJoinPool$WorkQueue.topLevelExec(ForkJoinPool.java:1182) [?:?]
	at java.util.concurrent.ForkJoinPool.scan(ForkJoinPool.java:1655) [?:?]
	at java.util.concurrent.ForkJoinPool.runWorker(ForkJoinPool.java:1622) [?:?]
	at java.util.concurrent.ForkJoinWorkerThread.run(ForkJoinWorkerThread.java:165) [?:?]
[15:35:28] [Render thread/INFO] (Minecraft) Reloading ResourceManager: Default, Fabric Mods (Fabric Data Generation API (v1), Fabric Screen Handler API (v1), Fabric Resource Loader (v0), Fabric Command API (v2), Fabric Crash Report Info (v1), Fabric Dimensions API (v1), Fabric Transitive Access Wideners (v1), Fabric API Lookup API (v1), Fabric Events Interaction (v0), Fabric Models (v0), Fabric API Base, Fabric Rendering Data Attachment (v1), Fabric Screen API (v1), Fabric Particles (v1), Fabric Game Rule API (v1), Fabric Game Test API (v1), Fabric Mining Level API (v1), Fabric Biome API (v1), Fabric Loot API (v2), Fabric Rendering Fluids (v1), Fabric BlockRenderLayer Registration (v1), Fabric Transfer API (v1), Fabric Item Groups (v0), Fabric Object Builder API (v1), Fabric Content Registries (v0), Fabric Registry Sync (v0), Fabric Key Binding API (v1), Fabric Item API (v1), Fabric API, Fabric Renderer - Indigo, Fabric Convention Tags, Fabric Resource Conditions API (v1), Fabric Lifecycle Events (v1), Fabric Renderer API (v1), Villagers Follow Emeralds, Fabric Textures (v0), Fabric Entity Events (v1), Fabric Rendering (v1), Fabric Loader, Fabric Message API (v1), Fabric Networking API (v1))
[15:35:30] [Realms Notification Availability checker #1/INFO] (Minecraft) Could not authorize you against Realms server: Invalid session id
[15:35:45] [Render thread/WARN] (Minecraft) Missing sound for event: minecraft:item.goat_horn.play
[15:35:45] [Render thread/WARN] (Minecraft) Missing sound for event: minecraft:entity.goat.screaming.horn_break
[15:35:46] [Render thread/INFO] (Minecraft) OpenAL initialized on device CoreAudio Default
[15:35:46] [Render thread/INFO] (Minecraft) Sound engine started
[15:35:47] [Render thread/INFO] (Minecraft) Created: 1024x1024x4 minecraft:textures/atlas/blocks.png-atlas
[15:35:47] [Render thread/INFO] (Minecraft) Created: 256x128x4 minecraft:textures/atlas/signs.png-atlas
[15:35:47] [Render thread/INFO] (Minecraft) Created: 1024x512x4 minecraft:textures/atlas/banner_patterns.png-atlas
[15:35:47] [Render thread/INFO] (Minecraft) Created: 1024x512x4 minecraft:textures/atlas/shield_patterns.png-atlas
[15:35:47] [Render thread/INFO] (Minecraft) Created: 256x256x4 minecraft:textures/atlas/chest.png-atlas
[15:35:47] [Render thread/INFO] (Minecraft) Created: 512x256x4 minecraft:textures/atlas/beds.png-atlas
[15:35:47] [Render thread/INFO] (Minecraft) Created: 512x256x4 minecraft:textures/atlas/shulker_boxes.png-atlas
[15:35:52] [Render thread/WARN] (Minecraft) Shader rendertype_entity_translucent_emissive could not find sampler named Sampler2 in the specified shader program.
[15:35:53] [Render thread/INFO] (Minecraft) Created: 512x256x0 minecraft:textures/atlas/particles.png-atlas
[15:35:53] [Render thread/INFO] (Minecraft) Created: 256x256x0 minecraft:textures/atlas/paintings.png-atlas
[15:35:53] [Render thread/INFO] (Minecraft) Created: 256x128x0 minecraft:textures/atlas/mob_effects.png-atlas
[15:37:13] [Render thread/ERROR] (Minecraft) ########## GL ERROR ##########
[15:37:13] [Render thread/ERROR] (Minecraft) @ Render
[15:37:13] [Render thread/ERROR] (Minecraft) 65540: Invalid scancode -1
[15:37:47] [Render thread/INFO] (Minecraft) Loaded 7 recipes
[15:37:48] [Render thread/INFO] (Minecraft) Loaded 1179 advancements
[15:38:02] [Render thread/INFO] (BiomeModificationImpl) Applied 0 biome modifications to 0 of 63 new biomes in 7.114 ms
[15:38:02] [Server thread/INFO] (Minecraft) Starting integrated minecraft server version 1.19
[15:38:02] [Server thread/INFO] (Minecraft) Generating keypair
[15:41:40] [Server thread/INFO] (Minecraft) Preparing start region for dimension minecraft:overworld
[15:41:56] [Render thread/INFO] (Minecraft) Preparing spawn area: 0%
[15:41:56] [Render thread/INFO] (Minecraft) Preparing spawn area: 0%
[15:41:56] [Render thread/INFO] (Minecraft) Preparing spawn area: 0%
[15:41:56] [Render thread/INFO] (Minecraft) Preparing spawn area: 0%
[15:41:56] [Render thread/INFO] (Minecraft) Preparing spawn area: 0%
[15:41:56] [Render thread/INFO] (Minecraft) Preparing spawn area: 0%
[15:41:56] [Render thread/INFO] (Minecraft) Preparing spawn area: 0%
[15:41:56] [Render thread/INFO] (Minecraft) Preparing spawn area: 0%
[15:41:56] [Render thread/INFO] (Minecraft) Preparing spawn area: 0%
[15:41:56] [Render thread/INFO] (Minecraft) Preparing spawn area: 0%
[15:41:56] [Render thread/INFO] (Minecraft) Preparing spawn area: 0%
[15:41:56] [Render thread/INFO] (Minecraft) Preparing spawn area: 0%
[15:41:56] [Render thread/INFO] (Minecraft) Preparing spawn area: 0%
[15:41:56] [Render thread/INFO] (Minecraft) Preparing spawn area: 0%
[15:41:56] [Render thread/INFO] (Minecraft) Preparing spawn area: 0%
[15:41:56] [Render thread/INFO] (Minecraft) Preparing spawn area: 0%
[15:41:56] [Render thread/INFO] (Minecraft) Preparing spawn area: 0%
[15:41:56] [Render thread/INFO] (Minecraft) Preparing spawn area: 0%
[15:41:56] [Render thread/INFO] (Minecraft) Preparing spawn area: 0%
[15:41:56] [Render thread/INFO] (Minecraft) Preparing spawn area: 0%
[15:41:56] [Render thread/INFO] (Minecraft) Preparing spawn area: 0%
[15:41:56] [Render thread/INFO] (Minecraft) Preparing spawn area: 0%
[15:41:56] [Render thread/INFO] (Minecraft) Preparing spawn area: 0%
[15:41:56] [Render thread/INFO] (Minecraft) Preparing spawn area: 0%
[15:41:56] [Render thread/INFO] (Minecraft) Preparing spawn area: 0%
[15:41:56] [Render thread/INFO] (Minecraft) Preparing spawn area: 0%
[15:41:56] [Render thread/INFO] (Minecraft) Preparing spawn area: 0%
[15:41:56] [Render thread/INFO] (Minecraft) Preparing spawn area: 0%
[15:41:56] [Render thread/INFO] (Minecraft) Preparing spawn area: 0%
[15:41:56] [Render thread/INFO] (Minecraft) Preparing spawn area: 0%
[15:41:56] [Render thread/INFO] (Minecraft) Preparing spawn area: 0%
[15:41:56] [Render thread/INFO] (Minecraft) Preparing spawn area: 0%
[15:41:56] [Render thread/INFO] (Minecraft) Preparing spawn area: 0%
[15:41:56] [Render thread/INFO] (Minecraft) Preparing spawn area: 0%
[15:41:57] [Render thread/INFO] (Minecraft) Preparing spawn area: 0%
[15:41:57] [Render thread/INFO] (Minecraft) Preparing spawn area: 0%
[15:41:58] [Render thread/INFO] (Minecraft) Preparing spawn area: 0%
[15:41:58] [Render thread/INFO] (Minecraft) Preparing spawn area: 0%
[15:42:00] [Render thread/INFO] (Minecraft) Preparing spawn area: 0%
[15:42:00] [Render thread/INFO] (Minecraft) Preparing spawn area: 0%
[15:42:00] [Render thread/INFO] (Minecraft) Preparing spawn area: 0%
[15:42:00] [Render thread/INFO] (Minecraft) Preparing spawn area: 0%
[15:42:01] [Render thread/INFO] (Minecraft) Preparing spawn area: 0%
[15:42:01] [Render thread/INFO] (Minecraft) Preparing spawn area: 0%
[15:42:02] [Render thread/INFO] (Minecraft) Preparing spawn area: 0%
[15:42:03] [Render thread/INFO] (Minecraft) Preparing spawn area: 0%
[15:42:03] [Render thread/INFO] (Minecraft) Preparing spawn area: 0%
[15:42:03] [Render thread/INFO] (Minecraft) Preparing spawn area: 0%
[15:42:05] [Render thread/INFO] (Minecraft) Preparing spawn area: 0%
[15:42:05] [Render thread/INFO] (Minecraft) Preparing spawn area: 0%
[15:42:05] [Render thread/INFO] (Minecraft) Preparing spawn area: 0%
[15:42:05] [Render thread/INFO] (Minecraft) Preparing spawn area: 0%
[15:42:06] [Render thread/INFO] (Minecraft) Preparing spawn area: 0%
[15:42:06] [Render thread/INFO] (Minecraft) Preparing spawn area: 0%
[15:42:07] [Render thread/INFO] (Minecraft) Preparing spawn area: 0%
[15:42:08] [Render thread/INFO] (Minecraft) Preparing spawn area: 0%
[15:42:08] [Render thread/INFO] (Minecraft) Preparing spawn area: 0%
[15:42:08] [Render thread/INFO] (Minecraft) Preparing spawn area: 0%
[15:42:09] [Render thread/INFO] (Minecraft) Preparing spawn area: 0%
[15:42:10] [Render thread/INFO] (Minecraft) Preparing spawn area: 0%
[15:42:10] [Render thread/INFO] (Minecraft) Preparing spawn area: 0%
[15:42:10] [Render thread/INFO] (Minecraft) Preparing spawn area: 0%
[15:42:11] [Render thread/INFO] (Minecraft) Preparing spawn area: 0%
[15:42:11] [Render thread/INFO] (Minecraft) Preparing spawn area: 0%
[15:42:12] [Render thread/INFO] (Minecraft) Preparing spawn area: 0%
[15:42:12] [Render thread/INFO] (Minecraft) Preparing spawn area: 0%
[15:42:13] [Render thread/INFO] (Minecraft) Preparing spawn area: 0%
[15:42:13] [Render thread/INFO] (Minecraft) Preparing spawn area: 0%
[15:42:14] [Render thread/INFO] (Minecraft) Preparing spawn area: 0%
[15:42:14] [Render thread/INFO] (Minecraft) Preparing spawn area: 0%
[15:42:15] [Render thread/INFO] (Minecraft) Preparing spawn area: 0%
[15:42:15] [Render thread/INFO] (Minecraft) Preparing spawn area: 1%
[15:42:16] [Render thread/INFO] (Minecraft) Preparing spawn area: 1%
[15:42:16] [Render thread/INFO] (Minecraft) Preparing spawn area: 1%
[15:42:17] [Render thread/INFO] (Minecraft) Preparing spawn area: 1%
[15:42:17] [Render thread/INFO] (Minecraft) Preparing spawn area: 1%
[15:42:18] [Render thread/INFO] (Minecraft) Preparing spawn area: 1%
[15:42:19] [Render thread/INFO] (Minecraft) Preparing spawn area: 1%
[15:42:19] [Render thread/INFO] (Minecraft) Preparing spawn area: 1%
[15:42:20] [Render thread/INFO] (Minecraft) Preparing spawn area: 1%
[15:42:20] [Render thread/INFO] (Minecraft) Preparing spawn area: 1%
[15:42:20] [Render thread/INFO] (Minecraft) Preparing spawn area: 1%
[15:42:21] [Render thread/INFO] (Minecraft) Preparing spawn area: 1%
[15:42:21] [Render thread/INFO] (Minecraft) Preparing spawn area: 1%
[15:42:22] [Render thread/INFO] (Minecraft) Preparing spawn area: 1%
[15:42:22] [Render thread/INFO] (Minecraft) Preparing spawn area: 1%
[15:42:23] [Render thread/INFO] (Minecraft) Preparing spawn area: 1%
[15:42:23] [Render thread/INFO] (Minecraft) Preparing spawn area: 1%
[15:42:24] [Render thread/INFO] (Minecraft) Preparing spawn area: 2%
[15:42:24] [Render thread/INFO] (Minecraft) Preparing spawn area: 2%
[15:42:25] [Render thread/INFO] (Minecraft) Preparing spawn area: 2%
[15:42:25] [Render thread/INFO] (Minecraft) Preparing spawn area: 2%
[15:42:26] [Render thread/INFO] (Minecraft) Preparing spawn area: 2%
[15:42:26] [Render thread/INFO] (Minecraft) Preparing spawn area: 3%
[15:42:27] [Render thread/INFO] (Minecraft) Preparing spawn area: 3%
[15:42:27] [Render thread/INFO] (Minecraft) Preparing spawn area: 3%
[15:42:28] [Render thread/INFO] (Minecraft) Preparing spawn area: 3%
[15:42:28] [Render thread/INFO] (Minecraft) Preparing spawn area: 3%
[15:42:29] [Render thread/INFO] (Minecraft) Preparing spawn area: 3%
[15:42:30] [Render thread/INFO] (Minecraft) Preparing spawn area: 3%
[15:42:30] [Render thread/INFO] (Minecraft) Preparing spawn area: 3%
[15:42:30] [Render thread/INFO] (Minecraft) Preparing spawn area: 3%
[15:42:31] [Render thread/INFO] (Minecraft) Preparing spawn area: 3%
[15:42:31] [Render thread/INFO] (Minecraft) Preparing spawn area: 3%
[15:42:32] [Render thread/INFO] (Minecraft) Preparing spawn area: 3%
[15:42:32] [Render thread/INFO] (Minecraft) Preparing spawn area: 4%
[15:42:33] [Render thread/INFO] (Minecraft) Preparing spawn area: 4%
[15:42:33] [Render thread/INFO] (Minecraft) Preparing spawn area: 4%
[15:42:34] [Render thread/INFO] (Minecraft) Preparing spawn area: 4%
[15:42:34] [Render thread/INFO] (Minecraft) Preparing spawn area: 4%
[15:42:35] [Render thread/INFO] (Minecraft) Preparing spawn area: 4%
[15:42:35] [Render thread/INFO] (Minecraft) Preparing spawn area: 4%
[15:42:36] [Render thread/INFO] (Minecraft) Preparing spawn area: 4%
[15:42:36] [Render thread/INFO] (Minecraft) Preparing spawn area: 4%
[15:42:37] [Render thread/INFO] (Minecraft) Preparing spawn area: 4%
[15:42:37] [Render thread/INFO] (Minecraft) Preparing spawn area: 4%
[15:42:38] [Render thread/INFO] (Minecraft) Preparing spawn area: 4%
[15:42:38] [Render thread/INFO] (Minecraft) Preparing spawn area: 5%
[15:42:39] [Render thread/INFO] (Minecraft) Preparing spawn area: 5%
[15:42:39] [Render thread/INFO] (Minecraft) Preparing spawn area: 5%
[15:42:40] [Render thread/INFO] (Minecraft) Preparing spawn area: 5%
[15:42:40] [Render thread/INFO] (Minecraft) Preparing spawn area: 5%
[15:42:41] [Render thread/INFO] (Minecraft) Preparing spawn area: 5%
[15:42:42] [Render thread/INFO] (Minecraft) Preparing spawn area: 5%
[15:42:42] [Render thread/INFO] (Minecraft) Preparing spawn area: 5%
[15:42:43] [Render thread/INFO] (Minecraft) Preparing spawn area: 5%
[15:42:43] [Render thread/INFO] (Minecraft) Preparing spawn area: 5%
[15:42:43] [Render thread/INFO] (Minecraft) Preparing spawn area: 6%
[15:42:44] [Render thread/INFO] (Minecraft) Preparing spawn area: 6%
[15:42:44] [Render thread/INFO] (Minecraft) Preparing spawn area: 6%
[15:42:45] [Render thread/INFO] (Minecraft) Preparing spawn area: 6%
[15:42:45] [Render thread/INFO] (Minecraft) Preparing spawn area: 6%
[15:42:46] [Render thread/INFO] (Minecraft) Preparing spawn area: 6%
[15:42:47] [Render thread/INFO] (Minecraft) Preparing spawn area: 6%
[15:42:47] [Render thread/INFO] (Minecraft) Preparing spawn area: 6%
[15:42:47] [Render thread/INFO] (Minecraft) Preparing spawn area: 6%
[15:42:48] [Render thread/INFO] (Minecraft) Preparing spawn area: 7%
[15:42:48] [Render thread/INFO] (Minecraft) Preparing spawn area: 7%
[15:42:49] [Render thread/INFO] (Minecraft) Preparing spawn area: 7%
[15:42:49] [Render thread/INFO] (Minecraft) Preparing spawn area: 7%
[15:42:50] [Render thread/INFO] (Minecraft) Preparing spawn area: 7%
[15:42:50] [Render thread/INFO] (Minecraft) Preparing spawn area: 7%
[15:42:51] [Render thread/INFO] (Minecraft) Preparing spawn area: 7%
[15:42:51] [Render thread/INFO] (Minecraft) Preparing spawn area: 8%
[15:42:52] [Render thread/INFO] (Minecraft) Preparing spawn area: 8%
[15:42:52] [Render thread/INFO] (Minecraft) Preparing spawn area: 9%
[15:42:53] [Render thread/INFO] (Minecraft) Preparing spawn area: 9%
[15:42:53] [Render thread/INFO] (Minecraft) Preparing spawn area: 9%
[15:42:54] [Render thread/INFO] (Minecraft) Preparing spawn area: 9%
[15:42:54] [Render thread/INFO] (Minecraft) Preparing spawn area: 9%
[15:42:55] [Render thread/INFO] (Minecraft) Preparing spawn area: 9%
[15:42:56] [Render thread/INFO] (Minecraft) Preparing spawn area: 9%
[15:42:56] [Render thread/INFO] (Minecraft) Preparing spawn area: 9%
[15:42:56] [Render thread/INFO] (Minecraft) Preparing spawn area: 9%
[15:42:57] [Render thread/INFO] (Minecraft) Preparing spawn area: 9%
[15:42:57] [Render thread/INFO] (Minecraft) Preparing spawn area: 9%
[15:42:58] [Render thread/INFO] (Minecraft) Preparing spawn area: 9%
[15:42:59] [Render thread/INFO] (Minecraft) Preparing spawn area: 10%
[15:42:59] [Render thread/INFO] (Minecraft) Preparing spawn area: 10%
[15:42:59] [Render thread/INFO] (Minecraft) Preparing spawn area: 10%
[15:43:00] [Render thread/INFO] (Minecraft) Preparing spawn area: 10%
[15:43:00] [Render thread/INFO] (Minecraft) Preparing spawn area: 11%
[15:43:01] [Render thread/INFO] (Minecraft) Preparing spawn area: 11%
[15:43:01] [Render thread/INFO] (Minecraft) Preparing spawn area: 11%
[15:43:02] [Render thread/INFO] (Minecraft) Preparing spawn area: 11%
[15:43:02] [Render thread/INFO] (Minecraft) Preparing spawn area: 11%
[15:43:03] [Render thread/INFO] (Minecraft) Preparing spawn area: 11%
[15:43:03] [Render thread/INFO] (Minecraft) Preparing spawn area: 11%
[15:43:04] [Render thread/INFO] (Minecraft) Preparing spawn area: 12%
[15:43:04] [Render thread/INFO] (Minecraft) Preparing spawn area: 12%
[15:43:05] [Render thread/INFO] (Minecraft) Preparing spawn area: 12%
[15:43:05] [Render thread/INFO] (Minecraft) Preparing spawn area: 12%
[15:43:06] [Render thread/INFO] (Minecraft) Preparing spawn area: 12%
[15:43:06] [Render thread/INFO] (Minecraft) Preparing spawn area: 12%
[15:43:07] [Render thread/INFO] (Minecraft) Preparing spawn area: 12%
[15:43:07] [Render thread/INFO] (Minecraft) Preparing spawn area: 12%
[15:43:08] [Render thread/INFO] (Minecraft) Preparing spawn area: 12%
[15:43:09] [Render thread/INFO] (Minecraft) Preparing spawn area: 13%
[15:43:09] [Render thread/INFO] (Minecraft) Preparing spawn area: 13%
[15:43:09] [Render thread/INFO] (Minecraft) Preparing spawn area: 13%
[15:43:10] [Render thread/INFO] (Minecraft) Preparing spawn area: 13%
[15:43:11] [Render thread/INFO] (Minecraft) Preparing spawn area: 13%
[15:43:11] [Render thread/INFO] (Minecraft) Preparing spawn area: 13%
[15:43:11] [Render thread/INFO] (Minecraft) Preparing spawn area: 13%
[15:43:12] [Render thread/INFO] (Minecraft) Preparing spawn area: 14%
[15:43:12] [Render thread/INFO] (Minecraft) Preparing spawn area: 14%
[15:43:13] [Render thread/INFO] (Minecraft) Preparing spawn area: 14%
[15:43:13] [Render thread/INFO] (Minecraft) Preparing spawn area: 14%
[15:43:14] [Render thread/INFO] (Minecraft) Preparing spawn area: 14%
[15:43:14] [Render thread/INFO] (Minecraft) Preparing spawn area: 15%
[15:43:15] [Render thread/INFO] (Minecraft) Preparing spawn area: 15%
[15:43:15] [Render thread/INFO] (Minecraft) Preparing spawn area: 15%
[15:43:16] [Render thread/INFO] (Minecraft) Preparing spawn area: 15%
[15:43:16] [Render thread/INFO] (Minecraft) Preparing spawn area: 15%
[15:43:17] [Render thread/INFO] (Minecraft) Preparing spawn area: 15%
[15:43:17] [Render thread/INFO] (Minecraft) Preparing spawn area: 16%
[15:43:18] [Render thread/INFO] (Minecraft) Preparing spawn area: 16%
[15:43:18] [Render thread/INFO] (Minecraft) Preparing spawn area: 16%
[15:43:19] [Render thread/INFO] (Minecraft) Preparing spawn area: 16%
[15:43:19] [Render thread/INFO] (Minecraft) Preparing spawn area: 16%
[15:43:20] [Render thread/INFO] (Minecraft) Preparing spawn area: 16%
[15:43:20] [Render thread/INFO] (Minecraft) Preparing spawn area: 16%
[15:43:21] [Render thread/INFO] (Minecraft) Preparing spawn area: 16%
[15:43:22] [Render thread/INFO] (Minecraft) Preparing spawn area: 16%
[15:43:22] [Render thread/INFO] (Minecraft) Preparing spawn area: 17%
[15:43:22] [Render thread/INFO] (Minecraft) Preparing spawn area: 17%
[15:43:23] [Render thread/INFO] (Minecraft) Preparing spawn area: 17%
[15:43:23] [Render thread/INFO] (Minecraft) Preparing spawn area: 17%
[15:43:24] [Render thread/INFO] (Minecraft) Preparing spawn area: 17%
[15:43:24] [Render thread/INFO] (Minecraft) Preparing spawn area: 17%
[15:43:25] [Render thread/INFO] (Minecraft) Preparing spawn area: 17%
[15:43:25] [Render thread/INFO] (Minecraft) Preparing spawn area: 17%
[15:43:26] [Render thread/INFO] (Minecraft) Preparing spawn area: 17%
[15:43:27] [Render thread/INFO] (Minecraft) Preparing spawn area: 17%
[15:43:27] [Render thread/INFO] (Minecraft) Preparing spawn area: 18%
[15:43:27] [Render thread/INFO] (Minecraft) Preparing spawn area: 18%
[15:43:28] [Render thread/INFO] (Minecraft) Preparing spawn area: 18%
[15:43:28] [Render thread/INFO] (Minecraft) Preparing spawn area: 18%
[15:43:29] [Render thread/INFO] (Minecraft) Preparing spawn area: 18%
[15:43:30] [Render thread/INFO] (Minecraft) Preparing spawn area: 18%
[15:43:30] [Render thread/INFO] (Minecraft) Preparing spawn area: 19%
[15:43:31] [Render thread/INFO] (Minecraft) Preparing spawn area: 19%
[15:43:31] [Render thread/INFO] (Minecraft) Preparing spawn area: 19%
[15:43:31] [Render thread/INFO] (Minecraft) Preparing spawn area: 19%
[15:43:32] [Render thread/INFO] (Minecraft) Preparing spawn area: 19%
[15:43:34] [Render thread/INFO] (Minecraft) Preparing spawn area: 19%
[15:43:34] [Render thread/INFO] (Minecraft) Preparing spawn area: 19%
[15:43:34] [Render thread/INFO] (Minecraft) Preparing spawn area: 19%
[15:43:34] [Render thread/INFO] (Minecraft) Preparing spawn area: 19%
[15:43:34] [Render thread/INFO] (Minecraft) Preparing spawn area: 19%
[15:43:35] [Render thread/INFO] (Minecraft) Preparing spawn area: 19%
[15:43:35] [Render thread/INFO] (Minecraft) Preparing spawn area: 19%
[15:43:36] [Render thread/INFO] (Minecraft) Preparing spawn area: 20%
[15:43:36] [Render thread/INFO] (Minecraft) Preparing spawn area: 20%
[15:43:37] [Render thread/INFO] (Minecraft) Preparing spawn area: 20%
[15:43:38] [Render thread/INFO] (Minecraft) Preparing spawn area: 20%
[15:43:38] [Render thread/INFO] (Minecraft) Preparing spawn area: 20%
[15:43:38] [Render thread/INFO] (Minecraft) Preparing spawn area: 21%
[15:43:39] [Render thread/INFO] (Minecraft) Preparing spawn area: 21%
[15:43:39] [Render thread/INFO] (Minecraft) Preparing spawn area: 21%
[15:43:40] [Render thread/INFO] (Minecraft) Preparing spawn area: 22%
[15:43:40] [Render thread/INFO] (Minecraft) Preparing spawn area: 22%
[15:43:41] [Render thread/INFO] (Minecraft) Preparing spawn area: 22%
[15:43:41] [Render thread/INFO] (Minecraft) Preparing spawn area: 22%
[15:43:42] [Render thread/INFO] (Minecraft) Preparing spawn area: 22%
[15:43:42] [Render thread/INFO] (Minecraft) Preparing spawn area: 22%
[15:43:43] [Render thread/INFO] (Minecraft) Preparing spawn area: 22%
[15:43:43] [Render thread/INFO] (Minecraft) Preparing spawn area: 23%
[15:43:44] [Render thread/INFO] (Minecraft) Preparing spawn area: 23%
[15:43:44] [Render thread/INFO] (Minecraft) Preparing spawn area: 23%
[15:43:45] [Render thread/INFO] (Minecraft) Preparing spawn area: 23%
[15:43:45] [Render thread/INFO] (Minecraft) Preparing spawn area: 23%
[15:43:46] [Render thread/INFO] (Minecraft) Preparing spawn area: 23%
[15:43:46] [Render thread/INFO] (Minecraft) Preparing spawn area: 23%
[15:43:47] [Render thread/INFO] (Minecraft) Preparing spawn area: 24%
[15:43:47] [Render thread/INFO] (Minecraft) Preparing spawn area: 24%
[15:43:48] [Render thread/INFO] (Minecraft) Preparing spawn area: 25%
[15:43:48] [Render thread/INFO] (Minecraft) Preparing spawn area: 25%
[15:43:49] [Render thread/INFO] (Minecraft) Preparing spawn area: 26%
[15:43:49] [Render thread/INFO] (Minecraft) Preparing spawn area: 26%
[15:43:50] [Render thread/INFO] (Minecraft) Preparing spawn area: 26%
[15:43:50] [Render thread/INFO] (Minecraft) Preparing spawn area: 26%
[15:43:51] [Render thread/INFO] (Minecraft) Preparing spawn area: 26%
[15:43:51] [Render thread/INFO] (Minecraft) Preparing spawn area: 26%
[15:43:52] [Render thread/INFO] (Minecraft) Preparing spawn area: 27%
[15:43:52] [Render thread/INFO] (Minecraft) Preparing spawn area: 27%
[15:43:53] [Render thread/INFO] (Minecraft) Preparing spawn area: 27%
[15:43:53] [Render thread/INFO] (Minecraft) Preparing spawn area: 28%
[15:43:54] [Render thread/INFO] (Minecraft) Preparing spawn area: 28%
[15:43:54] [Render thread/INFO] (Minecraft) Preparing spawn area: 29%
[15:43:55] [Render thread/INFO] (Minecraft) Preparing spawn area: 29%
[15:43:55] [Render thread/INFO] (Minecraft) Preparing spawn area: 29%
[15:43:56] [Render thread/INFO] (Minecraft) Preparing spawn area: 30%
[15:43:56] [Render thread/INFO] (Minecraft) Preparing spawn area: 30%
[15:43:57] [Render thread/INFO] (Minecraft) Preparing spawn area: 30%
[15:43:57] [Render thread/INFO] (Minecraft) Preparing spawn area: 31%
[15:43:58] [Render thread/INFO] (Minecraft) Preparing spawn area: 31%
[15:43:58] [Render thread/INFO] (Minecraft) Preparing spawn area: 31%
[15:43:59] [Render thread/INFO] (Minecraft) Preparing spawn area: 31%
[15:43:59] [Render thread/INFO] (Minecraft) Preparing spawn area: 31%
[15:44:00] [Render thread/INFO] (Minecraft) Preparing spawn area: 31%
[15:44:00] [Render thread/INFO] (Minecraft) Preparing spawn area: 32%
[15:44:01] [Render thread/INFO] (Minecraft) Preparing spawn area: 32%
[15:44:01] [Render thread/INFO] (Minecraft) Preparing spawn area: 32%
[15:44:02] [Render thread/INFO] (Minecraft) Preparing spawn area: 33%
[15:44:02] [Render thread/INFO] (Minecraft) Preparing spawn area: 33%
[15:44:03] [Render thread/INFO] (Minecraft) Preparing spawn area: 33%
[15:44:04] [Render thread/INFO] (Minecraft) Preparing spawn area: 33%
[15:44:04] [Render thread/INFO] (Minecraft) Preparing spawn area: 33%
[15:44:05] [Render thread/INFO] (Minecraft) Preparing spawn area: 33%
[15:44:05] [Render thread/INFO] (Minecraft) Preparing spawn area: 33%
[15:44:06] [Render thread/INFO] (Minecraft) Preparing spawn area: 33%
[15:44:06] [Render thread/INFO] (Minecraft) Preparing spawn area: 33%
[15:44:06] [Render thread/INFO] (Minecraft) Preparing spawn area: 33%
[15:44:07] [Render thread/INFO] (Minecraft) Preparing spawn area: 33%
[15:44:08] [Render thread/INFO] (Minecraft) Preparing spawn area: 33%
[15:44:08] [Render thread/INFO] (Minecraft) Preparing spawn area: 33%
[15:44:08] [Render thread/INFO] (Minecraft) Preparing spawn area: 33%
[15:44:09] [Render thread/INFO] (Minecraft) Preparing spawn area: 33%
[15:44:09] [Render thread/INFO] (Minecraft) Preparing spawn area: 33%
[15:44:10] [Render thread/INFO] (Minecraft) Preparing spawn area: 33%
[15:44:10] [Render thread/INFO] (Minecraft) Preparing spawn area: 34%
[15:44:11] [Render thread/INFO] (Minecraft) Preparing spawn area: 34%
[15:44:12] [Render thread/INFO] (Minecraft) Preparing spawn area: 34%
[15:44:12] [Render thread/INFO] (Minecraft) Preparing spawn area: 34%
[15:44:12] [Render thread/INFO] (Minecraft) Preparing spawn area: 34%
[15:44:13] [Render thread/INFO] (Minecraft) Preparing spawn area: 34%
[15:44:13] [Render thread/INFO] (Minecraft) Preparing spawn area: 34%
[15:44:15] [Render thread/INFO] (Minecraft) Preparing spawn area: 34%
[15:44:15] [Render thread/INFO] (Minecraft) Preparing spawn area: 34%
[15:44:15] [Render thread/INFO] (Minecraft) Preparing spawn area: 35%
[15:44:15] [Render thread/INFO] (Minecraft) Preparing spawn area: 35%
[15:44:16] [Render thread/INFO] (Minecraft) Preparing spawn area: 35%
[15:44:16] [Render thread/INFO] (Minecraft) Preparing spawn area: 35%
[15:44:17] [Render thread/INFO] (Minecraft) Preparing spawn area: 35%
[15:44:17] [Render thread/INFO] (Minecraft) Preparing spawn area: 35%
[15:44:18] [Render thread/INFO] (Minecraft) Preparing spawn area: 35%
[15:44:18] [Render thread/INFO] (Minecraft) Preparing spawn area: 35%
[15:44:19] [Render thread/INFO] (Minecraft) Preparing spawn area: 35%
[15:44:19] [Render thread/INFO] (Minecraft) Preparing spawn area: 35%
[15:44:20] [Render thread/INFO] (Minecraft) Preparing spawn area: 35%
[15:44:20] [Render thread/INFO] (Minecraft) Preparing spawn area: 35%
[15:44:21] [Render thread/INFO] (Minecraft) Preparing spawn area: 36%
[15:44:21] [Render thread/INFO] (Minecraft) Preparing spawn area: 36%
[15:44:22] [Render thread/INFO] (Minecraft) Preparing spawn area: 36%
[15:44:22] [Render thread/INFO] (Minecraft) Preparing spawn area: 37%
[15:44:23] [Render thread/INFO] (Minecraft) Preparing spawn area: 37%
[15:44:23] [Render thread/INFO] (Minecraft) Preparing spawn area: 37%
[15:44:24] [Render thread/INFO] (Minecraft) Preparing spawn area: 37%
[15:44:25] [Render thread/INFO] (Minecraft) Preparing spawn area: 37%
[15:44:25] [Render thread/INFO] (Minecraft) Preparing spawn area: 37%
[15:44:25] [Render thread/INFO] (Minecraft) Preparing spawn area: 37%
[15:44:26] [Render thread/INFO] (Minecraft) Preparing spawn area: 38%
[15:44:26] [Render thread/INFO] (Minecraft) Preparing spawn area: 38%
[15:44:27] [Render thread/INFO] (Minecraft) Preparing spawn area: 38%
[15:44:27] [Render thread/INFO] (Minecraft) Preparing spawn area: 38%
[15:44:28] [Render thread/INFO] (Minecraft) Preparing spawn area: 38%
[15:44:29] [Render thread/INFO] (Minecraft) Preparing spawn area: 38%
[15:44:29] [Render thread/INFO] (Minecraft) Preparing spawn area: 38%
[15:44:29] [Render thread/INFO] (Minecraft) Preparing spawn area: 38%
[15:44:30] [Render thread/INFO] (Minecraft) Preparing spawn area: 38%
[15:44:30] [Render thread/INFO] (Minecraft) Preparing spawn area: 39%
[15:44:31] [Render thread/INFO] (Minecraft) Preparing spawn area: 39%
[15:44:31] [Render thread/INFO] (Minecraft) Preparing spawn area: 39%
[15:44:32] [Render thread/INFO] (Minecraft) Preparing spawn area: 39%
[15:44:33] [Render thread/INFO] (Minecraft) Preparing spawn area: 40%
[15:44:33] [Render thread/INFO] (Minecraft) Preparing spawn area: 40%
[15:44:33] [Render thread/INFO] (Minecraft) Preparing spawn area: 40%
[15:44:34] [Render thread/INFO] (Minecraft) Preparing spawn area: 40%
[15:44:34] [Render thread/INFO] (Minecraft) Preparing spawn area: 40%
[15:44:35] [Render thread/INFO] (Minecraft) Preparing spawn area: 40%
[15:44:35] [Render thread/INFO] (Minecraft) Preparing spawn area: 40%
[15:44:36] [Render thread/INFO] (Minecraft) Preparing spawn area: 41%
[15:44:36] [Render thread/INFO] (Minecraft) Preparing spawn area: 41%
[15:44:37] [Render thread/INFO] (Minecraft) Preparing spawn area: 41%
[15:44:37] [Render thread/INFO] (Minecraft) Preparing spawn area: 41%
[15:44:38] [Render thread/INFO] (Minecraft) Preparing spawn area: 41%
[15:44:40] [Render thread/INFO] (Minecraft) Preparing spawn area: 42%
[15:44:40] [Render thread/INFO] (Minecraft) Preparing spawn area: 42%
[15:44:40] [Render thread/INFO] (Minecraft) Preparing spawn area: 42%
[15:44:40] [Render thread/INFO] (Minecraft) Preparing spawn area: 42%
[15:44:41] [Render thread/INFO] (Minecraft) Preparing spawn area: 42%
[15:44:41] [Render thread/INFO] (Minecraft) Preparing spawn area: 42%
[15:44:41] [Render thread/INFO] (Minecraft) Preparing spawn area: 42%
[15:44:42] [Render thread/INFO] (Minecraft) Preparing spawn area: 42%
[15:44:42] [Render thread/INFO] (Minecraft) Preparing spawn area: 42%
[15:44:43] [Render thread/INFO] (Minecraft) Preparing spawn area: 42%
[15:44:43] [Render thread/INFO] (Minecraft) Preparing spawn area: 43%
[15:44:44] [Render thread/INFO] (Minecraft) Preparing spawn area: 43%
[15:44:45] [Render thread/INFO] (Minecraft) Preparing spawn area: 43%
[15:44:45] [Render thread/INFO] (Minecraft) Preparing spawn area: 43%
[15:44:45] [Render thread/INFO] (Minecraft) Preparing spawn area: 43%
[15:44:46] [Render thread/INFO] (Minecraft) Preparing spawn area: 43%
[15:44:47] [Render thread/INFO] (Minecraft) Preparing spawn area: 43%
[15:44:47] [Render thread/INFO] (Minecraft) Preparing spawn area: 43%
[15:44:48] [Render thread/INFO] (Minecraft) Preparing spawn area: 43%
[15:44:48] [Render thread/INFO] (Minecraft) Preparing spawn area: 43%
[15:44:49] [Render thread/INFO] (Minecraft) Preparing spawn area: 43%
[15:44:49] [Render thread/INFO] (Minecraft) Preparing spawn area: 43%
[15:44:49] [Render thread/INFO] (Minecraft) Preparing spawn area: 43%
[15:44:50] [Render thread/INFO] (Minecraft) Preparing spawn area: 44%
[15:44:50] [Render thread/INFO] (Minecraft) Preparing spawn area: 44%
[15:44:51] [Render thread/INFO] (Minecraft) Preparing spawn area: 44%
[15:44:52] [Render thread/INFO] (Minecraft) Preparing spawn area: 44%
[15:44:52] [Render thread/INFO] (Minecraft) Preparing spawn area: 44%
[15:44:52] [Render thread/INFO] (Minecraft) Preparing spawn area: 44%
[15:44:53] [Render thread/INFO] (Minecraft) Preparing spawn area: 44%
[15:44:53] [Render thread/INFO] (Minecraft) Preparing spawn area: 45%
[15:44:54] [Render thread/INFO] (Minecraft) Preparing spawn area: 45%
[15:44:54] [Render thread/INFO] (Minecraft) Preparing spawn area: 45%
[15:44:55] [Render thread/INFO] (Minecraft) Preparing spawn area: 46%
[15:44:55] [Render thread/INFO] (Minecraft) Preparing spawn area: 46%
[15:44:56] [Render thread/INFO] (Minecraft) Preparing spawn area: 46%
[15:44:56] [Render thread/INFO] (Minecraft) Preparing spawn area: 46%
[15:44:57] [Render thread/INFO] (Minecraft) Preparing spawn area: 46%
[15:44:57] [Render thread/INFO] (Minecraft) Preparing spawn area: 46%
[15:44:58] [Render thread/INFO] (Minecraft) Preparing spawn area: 46%
[15:44:58] [Render thread/INFO] (Minecraft) Preparing spawn area: 46%
[15:44:59] [Render thread/INFO] (Minecraft) Preparing spawn area: 47%
[15:44:59] [Render thread/INFO] (Minecraft) Preparing spawn area: 47%
[15:45:00] [Render thread/INFO] (Minecraft) Preparing spawn area: 47%
[15:45:00] [Render thread/INFO] (Minecraft) Preparing spawn area: 47%
[15:45:01] [Render thread/INFO] (Minecraft) Preparing spawn area: 47%
[15:45:01] [Render thread/INFO] (Minecraft) Preparing spawn area: 47%
[15:45:02] [Render thread/INFO] (Minecraft) Preparing spawn area: 48%
[15:45:02] [Render thread/INFO] (Minecraft) Preparing spawn area: 48%
[15:45:03] [Render thread/INFO] (Minecraft) Preparing spawn area: 48%
[15:45:03] [Render thread/INFO] (Minecraft) Preparing spawn area: 49%
[15:45:04] [Render thread/INFO] (Minecraft) Preparing spawn area: 49%
[15:45:04] [Render thread/INFO] (Minecraft) Preparing spawn area: 49%
[15:45:05] [Render thread/INFO] (Minecraft) Preparing spawn area: 50%
[15:45:05] [Render thread/INFO] (Minecraft) Preparing spawn area: 50%
[15:45:06] [Render thread/INFO] (Minecraft) Preparing spawn area: 50%
[15:45:06] [Render thread/INFO] (Minecraft) Preparing spawn area: 50%
[15:45:07] [Render thread/INFO] (Minecraft) Preparing spawn area: 50%
[15:45:07] [Render thread/INFO] (Minecraft) Preparing spawn area: 51%
[15:45:09] [Render thread/INFO] (Minecraft) Preparing spawn area: 51%
[15:45:09] [Render thread/INFO] (Minecraft) Preparing spawn area: 51%
[15:45:09] [Render thread/INFO] (Minecraft) Preparing spawn area: 51%
[15:45:09] [Render thread/INFO] (Minecraft) Preparing spawn area: 52%
[15:45:10] [Render thread/INFO] (Minecraft) Preparing spawn area: 52%
[15:45:10] [Render thread/INFO] (Minecraft) Preparing spawn area: 52%
[15:45:11] [Render thread/INFO] (Minecraft) Preparing spawn area: 52%
[15:45:11] [Render thread/INFO] (Minecraft) Preparing spawn area: 52%
[15:45:12] [Render thread/INFO] (Minecraft) Preparing spawn area: 53%
[15:45:12] [Render thread/INFO] (Minecraft) Preparing spawn area: 53%
[15:45:13] [Render thread/INFO] (Minecraft) Preparing spawn area: 53%
[15:45:13] [Render thread/INFO] (Minecraft) Preparing spawn area: 54%
[15:45:14] [Render thread/INFO] (Minecraft) Preparing spawn area: 54%
[15:45:14] [Render thread/INFO] (Minecraft) Preparing spawn area: 54%
[15:45:15] [Render thread/INFO] (Minecraft) Preparing spawn area: 54%
[15:45:16] [Render thread/INFO] (Minecraft) Preparing spawn area: 54%
[15:45:16] [Render thread/INFO] (Minecraft) Preparing spawn area: 54%
[15:45:16] [Render thread/INFO] (Minecraft) Preparing spawn area: 54%
[15:45:17] [Render thread/INFO] (Minecraft) Preparing spawn area: 54%
[15:45:17] [Render thread/INFO] (Minecraft) Preparing spawn area: 54%
[15:45:18] [Render thread/INFO] (Minecraft) Preparing spawn area: 55%
[15:45:18] [Render thread/INFO] (Minecraft) Preparing spawn area: 55%
[15:45:19] [Render thread/INFO] (Minecraft) Preparing spawn area: 55%
[15:45:19] [Render thread/INFO] (Minecraft) Preparing spawn area: 55%
[15:45:20] [Render thread/INFO] (Minecraft) Preparing spawn area: 55%
[15:45:20] [Render thread/INFO] (Minecraft) Preparing spawn area: 55%
[15:45:21] [Render thread/INFO] (Minecraft) Preparing spawn area: 55%
[15:45:21] [Render thread/INFO] (Minecraft) Preparing spawn area: 56%
[15:45:22] [Render thread/INFO] (Minecraft) Preparing spawn area: 56%
[15:45:22] [Render thread/INFO] (Minecraft) Preparing spawn area: 56%
[15:45:23] [Render thread/INFO] (Minecraft) Preparing spawn area: 56%
[15:45:23] [Render thread/INFO] (Minecraft) Preparing spawn area: 57%
[15:45:24] [Render thread/INFO] (Minecraft) Preparing spawn area: 58%
[15:45:24] [Render thread/INFO] (Minecraft) Preparing spawn area: 58%
[15:45:25] [Render thread/INFO] (Minecraft) Preparing spawn area: 58%
[15:45:25] [Render thread/INFO] (Minecraft) Preparing spawn area: 58%
[15:45:26] [Render thread/INFO] (Minecraft) Preparing spawn area: 59%
[15:45:26] [Render thread/INFO] (Minecraft) Preparing spawn area: 59%
[15:45:27] [Render thread/INFO] (Minecraft) Preparing spawn area: 59%
[15:45:27] [Render thread/INFO] (Minecraft) Preparing spawn area: 59%
[15:45:28] [Render thread/INFO] (Minecraft) Preparing spawn area: 59%
[15:45:28] [Render thread/INFO] (Minecraft) Preparing spawn area: 59%
[15:45:29] [Render thread/INFO] (Minecraft) Preparing spawn area: 59%
[15:45:29] [Render thread/INFO] (Minecraft) Preparing spawn area: 60%
[15:45:30] [Render thread/INFO] (Minecraft) Preparing spawn area: 60%
[15:45:30] [Render thread/INFO] (Minecraft) Preparing spawn area: 60%
[15:45:31] [Render thread/INFO] (Minecraft) Preparing spawn area: 60%
[15:45:31] [Render thread/INFO] (Minecraft) Preparing spawn area: 60%
[15:45:32] [Render thread/INFO] (Minecraft) Preparing spawn area: 60%
[15:45:32] [Render thread/INFO] (Minecraft) Preparing spawn area: 61%
[15:45:33] [Render thread/INFO] (Minecraft) Preparing spawn area: 61%
[15:45:33] [Render thread/INFO] (Minecraft) Preparing spawn area: 61%
[15:45:34] [Render thread/INFO] (Minecraft) Preparing spawn area: 62%
[15:45:34] [Render thread/INFO] (Minecraft) Preparing spawn area: 62%
[15:45:35] [Render thread/INFO] (Minecraft) Preparing spawn area: 62%
[15:45:35] [Render thread/INFO] (Minecraft) Preparing spawn area: 62%
[15:45:36] [Render thread/INFO] (Minecraft) Preparing spawn area: 63%
[15:45:36] [Render thread/INFO] (Minecraft) Preparing spawn area: 63%
[15:45:37] [Render thread/INFO] (Minecraft) Preparing spawn area: 63%
[15:45:37] [Render thread/INFO] (Minecraft) Preparing spawn area: 63%
[15:45:38] [Render thread/INFO] (Minecraft) Preparing spawn area: 64%
[15:45:38] [Render thread/INFO] (Minecraft) Preparing spawn area: 64%
[15:45:39] [Render thread/INFO] (Minecraft) Preparing spawn area: 64%
[15:45:39] [Render thread/INFO] (Minecraft) Preparing spawn area: 65%
[15:45:40] [Render thread/INFO] (Minecraft) Preparing spawn area: 65%
[15:45:40] [Render thread/INFO] (Minecraft) Preparing spawn area: 65%
[15:45:41] [Render thread/INFO] (Minecraft) Preparing spawn area: 66%
[15:45:41] [Render thread/INFO] (Minecraft) Preparing spawn area: 66%
[15:45:42] [Render thread/INFO] (Minecraft) Preparing spawn area: 66%
[15:45:42] [Render thread/INFO] (Minecraft) Preparing spawn area: 66%
[15:45:43] [Render thread/INFO] (Minecraft) Preparing spawn area: 67%
[15:45:43] [Render thread/INFO] (Minecraft) Preparing spawn area: 67%
[15:45:44] [Render thread/INFO] (Minecraft) Preparing spawn area: 67%
[15:45:44] [Render thread/INFO] (Minecraft) Preparing spawn area: 67%
[15:45:45] [Render thread/INFO] (Minecraft) Preparing spawn area: 67%
[15:45:45] [Render thread/INFO] (Minecraft) Preparing spawn area: 68%
[15:45:46] [Render thread/INFO] (Minecraft) Preparing spawn area: 68%
[15:45:46] [Render thread/INFO] (Minecraft) Preparing spawn area: 68%
[15:45:47] [Render thread/INFO] (Minecraft) Preparing spawn area: 68%
[15:45:48] [Render thread/INFO] (Minecraft) Preparing spawn area: 68%
[15:45:48] [Render thread/INFO] (Minecraft) Preparing spawn area: 68%
[15:45:48] [Render thread/INFO] (Minecraft) Preparing spawn area: 68%
[15:45:49] [Render thread/INFO] (Minecraft) Preparing spawn area: 68%
[15:45:49] [Render thread/INFO] (Minecraft) Preparing spawn area: 69%
[15:45:50] [Render thread/INFO] (Minecraft) Preparing spawn area: 69%
[15:45:50] [Render thread/INFO] (Minecraft) Preparing spawn area: 69%
[15:45:51] [Render thread/INFO] (Minecraft) Preparing spawn area: 69%
[15:45:51] [Render thread/INFO] (Minecraft) Preparing spawn area: 69%
[15:45:52] [Render thread/INFO] (Minecraft) Preparing spawn area: 70%
[15:45:52] [Render thread/INFO] (Minecraft) Preparing spawn area: 70%
[15:45:53] [Render thread/INFO] (Minecraft) Preparing spawn area: 70%
[15:45:53] [Render thread/INFO] (Minecraft) Preparing spawn area: 71%
[15:45:54] [Render thread/INFO] (Minecraft) Preparing spawn area: 71%
[15:45:55] [Render thread/INFO] (Minecraft) Preparing spawn area: 72%
[15:45:55] [Render thread/INFO] (Minecraft) Preparing spawn area: 72%
[15:45:56] [Render thread/INFO] (Minecraft) Preparing spawn area: 72%
[15:45:56] [Render thread/INFO] (Minecraft) Preparing spawn area: 72%
[15:45:56] [Render thread/INFO] (Minecraft) Preparing spawn area: 72%
[15:45:57] [Render thread/INFO] (Minecraft) Preparing spawn area: 72%
[15:45:57] [Render thread/INFO] (Minecraft) Preparing spawn area: 72%
[15:45:58] [Render thread/INFO] (Minecraft) Preparing spawn area: 73%
[15:45:58] [Render thread/INFO] (Minecraft) Preparing spawn area: 73%
[15:45:59] [Render thread/INFO] (Minecraft) Preparing spawn area: 73%
[15:45:59] [Render thread/INFO] (Minecraft) Preparing spawn area: 74%
[15:46:00] [Render thread/INFO] (Minecraft) Preparing spawn area: 74%
[15:46:00] [Render thread/INFO] (Minecraft) Preparing spawn area: 74%
[15:46:01] [Render thread/INFO] (Minecraft) Preparing spawn area: 74%
[15:46:01] [Render thread/INFO] (Minecraft) Preparing spawn area: 74%
[15:46:02] [Render thread/INFO] (Minecraft) Preparing spawn area: 74%
[15:46:02] [Render thread/INFO] (Minecraft) Preparing spawn area: 74%
[15:46:03] [Render thread/INFO] (Minecraft) Preparing spawn area: 75%
[15:46:03] [Render thread/INFO] (Minecraft) Preparing spawn area: 75%
[15:46:04] [Render thread/INFO] (Minecraft) Preparing spawn area: 75%
[15:46:04] [Render thread/INFO] (Minecraft) Preparing spawn area: 75%
[15:46:05] [Render thread/INFO] (Minecraft) Preparing spawn area: 76%
[15:46:05] [Render thread/INFO] (Minecraft) Preparing spawn area: 76%
[15:46:06] [Render thread/INFO] (Minecraft) Preparing spawn area: 76%
[15:46:06] [Render thread/INFO] (Minecraft) Preparing spawn area: 76%
[15:46:07] [Render thread/INFO] (Minecraft) Preparing spawn area: 76%
[15:46:07] [Render thread/INFO] (Minecraft) Preparing spawn area: 77%
[15:46:08] [Render thread/INFO] (Minecraft) Preparing spawn area: 77%
[15:46:08] [Render thread/INFO] (Minecraft) Preparing spawn area: 78%
[15:46:09] [Render thread/INFO] (Minecraft) Preparing spawn area: 78%
[15:46:09] [Render thread/INFO] (Minecraft) Preparing spawn area: 78%
[15:46:10] [Render thread/INFO] (Minecraft) Preparing spawn area: 78%
[15:46:10] [Render thread/INFO] (Minecraft) Preparing spawn area: 79%
[15:46:11] [Render thread/INFO] (Minecraft) Preparing spawn area: 79%
[15:46:11] [Render thread/INFO] (Minecraft) Preparing spawn area: 79%
[15:46:12] [Render thread/INFO] (Minecraft) Preparing spawn area: 80%
[15:46:12] [Render thread/INFO] (Minecraft) Preparing spawn area: 80%
[15:46:13] [Render thread/INFO] (Minecraft) Preparing spawn area: 80%
[15:46:13] [Render thread/INFO] (Minecraft) Preparing spawn area: 80%
[15:46:14] [Render thread/INFO] (Minecraft) Preparing spawn area: 80%
[15:46:14] [Render thread/INFO] (Minecraft) Preparing spawn area: 81%
[15:46:15] [Render thread/INFO] (Minecraft) Preparing spawn area: 81%
[15:46:15] [Render thread/INFO] (Minecraft) Preparing spawn area: 82%
[15:46:16] [Render thread/INFO] (Minecraft) Preparing spawn area: 82%
[15:46:16] [Render thread/INFO] (Minecraft) Preparing spawn area: 82%
[15:46:17] [Render thread/INFO] (Minecraft) Preparing spawn area: 83%
[15:46:17] [Render thread/INFO] (Minecraft) Preparing spawn area: 83%
[15:46:18] [Render thread/INFO] (Minecraft) Preparing spawn area: 83%
[15:46:18] [Render thread/INFO] (Minecraft) Preparing spawn area: 83%
[15:46:19] [Render thread/INFO] (Minecraft) Preparing spawn area: 83%
[15:46:19] [Worker-Bootstrap-1/INFO] (Minecraft) 4256 Datafixer optimizations took 680354 milliseconds
[15:46:19] [Render thread/INFO] (Minecraft) Preparing spawn area: 83%
[15:46:20] [Render thread/INFO] (Minecraft) Preparing spawn area: 83%
[15:46:20] [Render thread/INFO] (Minecraft) Preparing spawn area: 84%
[15:46:21] [Render thread/INFO] (Minecraft) Preparing spawn area: 84%
[15:46:21] [Render thread/INFO] (Minecraft) Preparing spawn area: 85%
[15:46:22] [Render thread/INFO] (Minecraft) Preparing spawn area: 86%
[15:46:22] [Render thread/INFO] (Minecraft) Preparing spawn area: 86%
[15:46:23] [Render thread/INFO] (Minecraft) Preparing spawn area: 87%
[15:46:23] [Render thread/INFO] (Minecraft) Preparing spawn area: 88%
[15:46:26] [Render thread/INFO] (Minecraft) Preparing spawn area: 88%
[15:46:26] [Render thread/INFO] (Minecraft) Preparing spawn area: 88%
[15:46:26] [Render thread/INFO] (Minecraft) Preparing spawn area: 88%
[15:46:26] [Render thread/INFO] (Minecraft) Preparing spawn area: 88%
[15:46:26] [Render thread/INFO] (Minecraft) Preparing spawn area: 88%
[15:46:26] [Render thread/INFO] (Minecraft) Preparing spawn area: 88%
[15:46:27] [Render thread/INFO] (Minecraft) Preparing spawn area: 88%
[15:46:27] [Render thread/INFO] (Minecraft) Preparing spawn area: 88%
[15:46:28] [Render thread/INFO] (Minecraft) Preparing spawn area: 88%
[15:46:28] [Render thread/INFO] (Minecraft) Preparing spawn area: 89%
[15:46:29] [Render thread/INFO] (Minecraft) Preparing spawn area: 89%
[15:46:29] [Render thread/INFO] (Minecraft) Preparing spawn area: 89%
[15:46:30] [Render thread/INFO] (Minecraft) Preparing spawn area: 89%
[15:46:30] [Render thread/INFO] (Minecraft) Preparing spawn area: 90%
[15:46:31] [Render thread/INFO] (Minecraft) Preparing spawn area: 90%
[15:46:31] [Render thread/INFO] (Minecraft) Preparing spawn area: 90%
[15:46:32] [Render thread/INFO] (Minecraft) Preparing spawn area: 91%
[15:46:32] [Render thread/INFO] (Minecraft) Preparing spawn area: 91%
[15:46:33] [Render thread/INFO] (Minecraft) Preparing spawn area: 91%
[15:46:33] [Render thread/INFO] (Minecraft) Preparing spawn area: 92%
[15:46:34] [Render thread/INFO] (Minecraft) Preparing spawn area: 92%
[15:46:34] [Render thread/INFO] (Minecraft) Preparing spawn area: 93%
[15:46:35] [Render thread/INFO] (Minecraft) Preparing spawn area: 93%
[15:46:35] [Render thread/INFO] (Minecraft) Preparing spawn area: 94%
[15:46:36] [Render thread/INFO] (Minecraft) Preparing spawn area: 95%
[15:46:36] [Render thread/INFO] (Minecraft) Preparing spawn area: 95%
[15:46:37] [Render thread/INFO] (Minecraft) Preparing spawn area: 96%
[15:46:37] [Render thread/INFO] (Minecraft) Preparing spawn area: 96%
[15:46:38] [Render thread/INFO] (Minecraft) Preparing spawn area: 96%
[15:46:38] [Render thread/INFO] (Minecraft) Preparing spawn area: 97%
[15:46:39] [Render thread/INFO] (Minecraft) Preparing spawn area: 98%
[15:46:39] [Render thread/INFO] (Minecraft) Preparing spawn area: 98%
[15:46:40] [Render thread/INFO] (Minecraft) Preparing spawn area: 99%
[15:46:40] [Render thread/INFO] (Minecraft) Time elapsed: 300371 ms
[15:46:41] [Server thread/INFO] (Minecraft) Changing view distance to 12, from 10
[15:46:41] [Server thread/INFO] (Minecraft) Changing simulation distance to 12, from 0
[15:46:48] [Server thread/INFO] (Minecraft) Player131[local:E:14235e1b] logged in with entity id 255 at (-15.5, 70.0, -60.5)
[15:46:48] [Server thread/INFO] (Minecraft) Player131 joined the game
[15:46:50] [Server thread/WARN] (Minecraft) Can't keep up! Is the server overloaded? Running 2236ms or 44 ticks behind
[15:46:55] [Render thread/INFO] (Minecraft) Loaded 0 advancements
[15:46:59] [Server thread/INFO] (Minecraft) Saving and pausing game...
[15:46:59] [Server thread/INFO] (Minecraft) Saving chunks for level 'ServerLevel[New World]'/minecraft:overworld
[15:47:00] [Server thread/INFO] (Minecraft) Saving chunks for level 'ServerLevel[New World]'/minecraft:the_nether
[15:47:00] [Server thread/INFO] (Minecraft) Saving chunks for level 'ServerLevel[New World]'/minecraft:the_end
[15:47:50] [Render thread/WARN] (Minecraft) Missing sound for event: minecraft:item.goat_horn.play
[15:47:50] [Render thread/WARN] (Minecraft) Missing sound for event: minecraft:entity.goat.screaming.horn_break
[15:47:51] [Render thread/INFO] (Minecraft) OpenAL initialized on device CoreAudio Default
[15:47:51] [Render thread/INFO] (Minecraft) Sound engine started
[15:47:52] [Render thread/WARN] (Minecraft) Missing sound for event: minecraft:item.goat_horn.play
[15:47:52] [Render thread/WARN] (Minecraft) Missing sound for event: minecraft:entity.goat.screaming.horn_break
[15:47:52] [Render thread/INFO] (Minecraft) OpenAL initialized on device CoreAudio Default
[15:47:52] [Render thread/INFO] (Minecraft) Sound engine started
[15:47:55] [Render thread/WARN] (Minecraft) Missing sound for event: minecraft:item.goat_horn.play
[15:47:55] [Render thread/WARN] (Minecraft) Missing sound for event: minecraft:entity.goat.screaming.horn_break
[15:47:55] [Render thread/INFO] (Minecraft) OpenAL initialized on device CoreAudio Default
[15:47:55] [Render thread/INFO] (Minecraft) Sound engine started
[15:48:01] [Render thread/WARN] (Minecraft) Missing sound for event: minecraft:item.goat_horn.play
[15:48:01] [Render thread/WARN] (Minecraft) Missing sound for event: minecraft:entity.goat.screaming.horn_break
[15:48:01] [Render thread/INFO] (Minecraft) OpenAL initialized on device CoreAudio Default
[15:48:01] [Render thread/INFO] (Minecraft) Sound engine started
[15:48:06] [Server thread/WARN] (Minecraft) Can't keep up! Is the server overloaded? Running 2045ms or 40 ticks behind
[15:48:40] [Server thread/WARN] (Minecraft) Can't keep up! Is the server overloaded? Running 19040ms or 380 ticks behind
[15:48:50] [Render thread/INFO] (Minecraft) Loaded 3 advancements
[15:48:52] [Render thread/INFO] (Minecraft) Loaded 5 advancements
[15:48:53] [Render thread/INFO] (Minecraft) Loaded 6 advancements
[15:48:54] [Render thread/INFO] (Minecraft) Loaded 7 advancements
[15:49:11] [Server thread/WARN] (Minecraft) Can't keep up! Is the server overloaded? Running 16252ms or 325 ticks behind
[15:49:44] [Server thread/WARN] (Minecraft) Can't keep up! Is the server overloaded? Running 18287ms or 365 ticks behind
[15:50:16] [Server thread/WARN] (Minecraft) Can't keep up! Is the server overloaded? Running 17139ms or 342 ticks behind
[15:50:39] [Server thread/INFO] (Minecraft) Saving and pausing game...
[15:50:39] [Server thread/INFO] (Minecraft) Saving chunks for level 'ServerLevel[New World]'/minecraft:overworld
[15:50:50] [Server thread/INFO] (Minecraft) Saving chunks for level 'ServerLevel[New World]'/minecraft:the_nether
[15:50:50] [Server thread/INFO] (Minecraft) Saving chunks for level 'ServerLevel[New World]'/minecraft:the_end
[15:51:00] [Server thread/WARN] (Minecraft) Can't keep up! Is the server overloaded? Running 29018ms or 580 ticks behind
[15:51:30] [Server thread/WARN] (Minecraft) Can't keep up! Is the server overloaded? Running 14903ms or 298 ticks behind
[15:51:38] [Server thread/INFO] (Minecraft) [Player131: Applied effect Night Vision to Player131]
[15:51:38] [Render thread/INFO] (Minecraft) [CHAT] Applied effect Night Vision to Player131
[15:51:49] [Server thread/INFO] (Minecraft) [Player131: Set own game mode to Survival Mode]
[15:51:49] [Render thread/INFO] (Minecraft) [CHAT] Set own game mode to Survival Mode
[15:51:52] [Server thread/INFO] (Minecraft) [Player131: Set own game mode to Spectator Mode]
[15:51:52] [Render thread/INFO] (Minecraft) [CHAT] Set own game mode to Spectator Mode
[15:51:56] [Server thread/WARN] (Minecraft) Can't keep up! Is the server overloaded? Running 10644ms or 212 ticks behind
[15:52:19] [Server thread/WARN] (Minecraft) Can't keep up! Is the server overloaded? Running 7601ms or 152 ticks behind
[15:52:38] [Server thread/WARN] (Minecraft) Can't keep up! Is the server overloaded? Running 4857ms or 97 ticks behind
[15:53:00] [Server thread/WARN] (Minecraft) Can't keep up! Is the server overloaded? Running 6544ms or 130 ticks behind
[15:53:29] [Server thread/INFO] (Minecraft) Saving and pausing game...
[15:53:29] [Server thread/INFO] (Minecraft) Saving chunks for level 'ServerLevel[New World]'/minecraft:overworld
[15:53:29] [Render thread/INFO] (Minecraft) [CHAT] The nearest minecraft:ancient_city is at [-1808, ~, -720] (1867 blocks away)
[15:53:41] [Server thread/INFO] (Minecraft) Saving chunks for level 'ServerLevel[New World]'/minecraft:the_nether
[15:53:41] [Server thread/INFO] (Minecraft) Saving chunks for level 'ServerLevel[New World]'/minecraft:the_end
[15:53:42] [Render thread/INFO] (Minecraft) [CHAT] The nearest minecraft:ancient_city is at [-1808, ~, -720] (1869 blocks away)
[15:53:43] [Server thread/INFO] (Minecraft) [Player131: Teleported Player131 to -1807.500000, 80.680328, -719.500000]
[15:53:43] [Render thread/INFO] (Minecraft) [CHAT] Teleported Player131 to -1807.500000, 80.680328, -719.500000
[15:54:18] [Server thread/INFO] (Minecraft) [Player131: Set own game mode to Creative Mode]
[15:54:18] [Render thread/INFO] (Minecraft) [CHAT] Set own game mode to Creative Mode
[15:54:23] [Server thread/WARN] (Minecraft) Can't keep up! Is the server overloaded? Running 68487ms or 1369 ticks behind
[15:54:40] [Server thread/INFO] (Minecraft) [Player131: Set own game mode to Spectator Mode]
[15:54:40] [Render thread/INFO] (Minecraft) [CHAT] Set own game mode to Spectator Mode
[15:54:46] [Server thread/INFO] (Minecraft) [Player131: Set own game mode to Creative Mode]
[15:54:46] [Render thread/INFO] (Minecraft) [CHAT] Set own game mode to Creative Mode
[15:54:54] [Server thread/INFO] (Minecraft) [Player131: Set own game mode to Spectator Mode]
[15:54:54] [Render thread/INFO] (Minecraft) [CHAT] Set own game mode to Spectator Mode
[15:55:25] [Server thread/INFO] (Minecraft) [Player131: Set own game mode to Creative Mode]
[15:55:25] [Render thread/INFO] (Minecraft) [CHAT] Set own game mode to Creative Mode
[15:55:51] [Server thread/INFO] (Minecraft) Saving and pausing game...
[15:55:51] [Server thread/INFO] (Minecraft) Saving chunks for level 'ServerLevel[New World]'/minecraft:overworld
[15:55:51] [Server thread/INFO] (Minecraft) Saving chunks for level 'ServerLevel[New World]'/minecraft:the_nether
[15:55:51] [Server thread/INFO] (Minecraft) Saving chunks for level 'ServerLevel[New World]'/minecraft:the_end
[15:56:46] [Server thread/WARN] (Minecraft) Can't keep up! Is the server overloaded? Running 2037ms or 40 ticks behind
[15:57:09] [Server thread/WARN] (Minecraft) Can't keep up! Is the server overloaded? Running 7859ms or 157 ticks behind
[15:57:30] [Server thread/WARN] (Minecraft) Can't keep up! Is the server overloaded? Running 6658ms or 133 ticks behind
[15:57:38] [Server thread/INFO] (Minecraft) [Player131: Set own game mode to Survival Mode]
[15:57:38] [Render thread/INFO] (Minecraft) [CHAT] Set own game mode to Survival Mode
[15:57:40] [Server thread/INFO] (Minecraft) [Player131: Set own game mode to Creative Mode]
[15:57:40] [Render thread/INFO] (Minecraft) [CHAT] Set own game mode to Creative Mode
[15:57:45] [Server thread/INFO] (Minecraft) [Player131: Set spawn point to -1763, -44, -719 [0.0] in minecraft:overworld for Player131]
[15:57:45] [Render thread/INFO] (Minecraft) [CHAT] Set spawn point to -1763, -44, -719 [0.0] in minecraft:overworld for Player131
[15:57:53] [Server thread/WARN] (Minecraft) Can't keep up! Is the server overloaded? Running 7562ms or 151 ticks behind
[15:58:07] [Server thread/INFO] (Minecraft) [Player131: Removed every effect from Player131]
[15:58:07] [Render thread/INFO] (Minecraft) [CHAT] Removed every effect from Player131
[15:58:16] [Render thread/INFO] (Minecraft) Loaded 14 advancements
[15:58:18] [Server thread/WARN] (Minecraft) Can't keep up! Is the server overloaded? Running 9844ms or 196 ticks behind
[15:58:27] [Server thread/INFO] (Minecraft) [Player131: Applied effect Night Vision to Player131]
[15:58:27] [Render thread/INFO] (Minecraft) [CHAT] Applied effect Night Vision to Player131
[15:58:39] [Server thread/WARN] (Minecraft) Can't keep up! Is the server overloaded? Running 6640ms or 132 ticks behind
[15:59:04] [Server thread/WARN] (Minecraft) Can't keep up! Is the server overloaded? Running 9520ms or 190 ticks behind
[15:59:07] [Server thread/INFO] (Minecraft) [Player131: Removed every effect from Player131]
[15:59:07] [Render thread/INFO] (Minecraft) [CHAT] Removed every effect from Player131
[15:59:29] [Render thread/INFO] (Minecraft) Loaded 15 advancements
[15:59:31] [Server thread/WARN] (Minecraft) Can't keep up! Is the server overloaded? Running 11846ms or 236 ticks behind
[15:59:35] [Render thread/INFO] (Minecraft) Loaded 17 advancements
[15:59:58] [Server thread/INFO] (Minecraft) [Player131: Applied effect Night Vision to Player131]
[15:59:58] [Render thread/INFO] (Minecraft) [CHAT] Applied effect Night Vision to Player131
[15:59:59] [Server thread/WARN] (Minecraft) Can't keep up! Is the server overloaded? Running 13418ms or 268 ticks behind
[16:00:10] [Render thread/INFO] (Minecraft) Loaded 20 advancements
[16:00:11] [Render thread/INFO] (Minecraft) Loaded 21 advancements
[16:00:23] [Server thread/INFO] (Minecraft) [Player131: Removed every effect from Player131]
[16:00:23] [Render thread/INFO] (Minecraft) [CHAT] Removed every effect from Player131
[16:00:26] [Server thread/INFO] (Minecraft) Player131 has made the advancement [Sneak 100]
[16:00:26] [Render thread/INFO] (Minecraft) [CHAT] Player131 has made the advancement [Sneak 100]
[16:00:26] [Render thread/INFO] (Minecraft) Loaded 23 advancements
[16:00:29] [Server thread/WARN] (Minecraft) Can't keep up! Is the server overloaded? Running 14979ms or 299 ticks behind
[16:00:59] [Server thread/WARN] (Minecraft) Can't keep up! Is the server overloaded? Running 15340ms or 306 ticks behind
[16:01:00] [Render thread/INFO] (Minecraft) [CHAT] Applied effect Strength to Player131
[16:01:00] [Server thread/INFO] (Minecraft) [Player131: Applied effect Strength to Player131]
[16:01:07] [Server thread/INFO] (Minecraft) [Player131: Applied effect Resistance to Player131]
[16:01:07] [Render thread/INFO] (Minecraft) [CHAT] Applied effect Resistance to Player131
[16:01:12] [Render thread/INFO] (Minecraft) [CHAT] Applied effect Night Vision to Player131
[16:01:12] [Server thread/INFO] (Minecraft) [Player131: Applied effect Night Vision to Player131]
[16:01:26] [Server thread/INFO] (Minecraft) Player131 has completed the challenge [It Spreads]
[16:01:26] [Render thread/INFO] (Minecraft) [CHAT] Player131 has completed the challenge [It Spreads]
[16:01:26] [Render thread/INFO] (Minecraft) Loaded 44 advancements
[16:01:30] [Server thread/WARN] (Minecraft) Can't keep up! Is the server overloaded? Running 15284ms or 305 ticks behind
[16:01:54] [Server thread/INFO] (Minecraft) [Player131: Set own game mode to Survival Mode]
[16:01:54] [Render thread/INFO] (Minecraft) [CHAT] Set own game mode to Survival Mode
[16:02:01] [Server thread/WARN] (Minecraft) Can't keep up! Is the server overloaded? Running 16138ms or 322 ticks behind
[16:02:30] [Server thread/INFO] (Minecraft) [Player131: Set own game mode to Creative Mode]
[16:02:30] [Render thread/INFO] (Minecraft) [CHAT] Set own game mode to Creative Mode
[16:02:38] [Server thread/WARN] (Minecraft) Can't keep up! Is the server overloaded? Running 22653ms or 453 ticks behind
[16:02:47] [Server thread/INFO] (Minecraft) [Player131: Set own game mode to Survival Mode]
[16:02:47] [Render thread/INFO] (Minecraft) [CHAT] Set own game mode to Survival Mode
[16:03:15] [Server thread/WARN] (Minecraft) Can't keep up! Is the server overloaded? Running 21759ms or 435 ticks behind
[16:03:35] [Server thread/INFO] (Minecraft) Player131 has made the advancement [Stone Age]
[16:03:35] [Render thread/INFO] (Minecraft) [CHAT] Player131 has made the advancement [Stone Age]
[16:03:35] [Render thread/INFO] (Minecraft) Loaded 75 advancements
[16:03:47] [Server thread/WARN] (Minecraft) Can't keep up! Is the server overloaded? Running 17078ms or 341 ticks behind
[16:04:21] [Server thread/WARN] (Minecraft) Can't keep up! Is the server overloaded? Running 19041ms or 380 ticks behind
[16:04:22] [Server thread/INFO] (Minecraft) [Player131: Set own game mode to Creative Mode]
[16:04:22] [Render thread/INFO] (Minecraft) [CHAT] Set own game mode to Creative Mode
[16:04:25] [Server thread/INFO] (Minecraft) [Player131: Applied effect Night Vision to Player131]
[16:04:25] [Render thread/INFO] (Minecraft) [CHAT] Applied effect Night Vision to Player131
[16:04:58] [Server thread/WARN] (Minecraft) Can't keep up! Is the server overloaded? Running 21710ms or 434 ticks behind
[16:05:12] [Server thread/INFO] (Minecraft) [Player131: Set own game mode to Spectator Mode]
[16:05:12] [Render thread/INFO] (Minecraft) [CHAT] Set own game mode to Spectator Mode
[16:05:20] [Server thread/INFO] (Minecraft) [Player131: Set own game mode to Creative Mode]
[16:05:20] [Render thread/INFO] (Minecraft) [CHAT] Set own game mode to Creative Mode
[16:05:31] [Server thread/WARN] (Minecraft) Can't keep up! Is the server overloaded? Running 18511ms or 370 ticks behind
[16:05:42] [Render thread/INFO] (Minecraft) Loaded 76 advancements
[16:06:03] [Server thread/WARN] (Minecraft) Can't keep up! Is the server overloaded? Running 16178ms or 323 ticks behind
[16:06:33] [Server thread/INFO] (Minecraft) [Player131: Set own game mode to Spectator Mode]
[16:06:33] [Render thread/INFO] (Minecraft) [CHAT] Set own game mode to Spectator Mode
[16:06:36] [Server thread/WARN] (Minecraft) Can't keep up! Is the server overloaded? Running 18123ms or 362 ticks behind
[16:06:47] [Server thread/INFO] (Minecraft) [Player131: Set own game mode to Creative Mode]
[16:06:47] [Render thread/INFO] (Minecraft) [CHAT] Set own game mode to Creative Mode
[16:07:04] [Server thread/WARN] (Minecraft) Can't keep up! Is the server overloaded? Running 13077ms or 261 ticks behind
[16:07:23] [Server thread/INFO] (Minecraft) [Player131: Set own game mode to Spectator Mode]
[16:07:23] [Render thread/INFO] (Minecraft) [CHAT] Set own game mode to Spectator Mode
[16:07:25] [Server thread/INFO] (Minecraft) [Player131: Set own game mode to Survival Mode]
[16:07:25] [Render thread/INFO] (Minecraft) [CHAT] Set own game mode to Survival Mode
[16:07:33] [Server thread/WARN] (Minecraft) Can't keep up! Is the server overloaded? Running 14682ms or 293 ticks behind
[16:07:44] [Render thread/INFO] (Minecraft) [CHAT] [Debug]: Hitboxes: shown
[16:07:52] [Server thread/INFO] (Minecraft) [Player131: Set own game mode to Spectator Mode]
[16:07:52] [Render thread/INFO] (Minecraft) [CHAT] Set own game mode to Spectator Mode
[16:07:53] [Render thread/INFO] (Minecraft) [CHAT] [Debug]: Hitboxes: hidden
[16:07:58] [Render thread/INFO] (Minecraft) [CHAT] [Debug]: Hitboxes: shown
[16:07:59] [Render thread/INFO] (Minecraft) [CHAT] [Debug]: Hitboxes: hidden
[16:08:01] [Server thread/INFO] (Minecraft) [Player131: Set own game mode to Survival Mode]
[16:08:01] [Render thread/INFO] (Minecraft) [CHAT] Set own game mode to Survival Mode
[16:08:04] [Server thread/WARN] (Minecraft) Can't keep up! Is the server overloaded? Running 15774ms or 315 ticks behind
[16:08:12] [Server thread/INFO] (Minecraft) [Player131: Gave 1 [Netherite Pickaxe] to Player131]
[16:08:12] [Render thread/INFO] (Minecraft) [CHAT] Gave 1 [Netherite Pickaxe] to Player131
[16:08:22] [Server thread/WARN] (Minecraft) Can't keep up! Is the server overloaded? Running 2006ms or 40 ticks behind
[16:08:27] [Server thread/INFO] (Minecraft) [Player131: Set own game mode to Spectator Mode]
[16:08:27] [Render thread/INFO] (Minecraft) [CHAT] Set own game mode to Spectator Mode
[16:08:34] [Server thread/INFO] (Minecraft) [Player131: Set own game mode to Survival Mode]
[16:08:34] [Render thread/INFO] (Minecraft) [CHAT] Set own game mode to Survival Mode
[16:08:43] [Server thread/WARN] (Minecraft) Can't keep up! Is the server overloaded? Running 5438ms or 108 ticks behind
[16:08:52] [Server thread/INFO] (Minecraft) [Player131: Removed every effect from Player131]
[16:08:52] [Render thread/INFO] (Minecraft) [CHAT] Removed every effect from Player131
[16:09:01] [Server thread/INFO] (Minecraft) Saving and pausing game...
[16:09:01] [Server thread/INFO] (Minecraft) Saving chunks for level 'ServerLevel[New World]'/minecraft:overworld
[16:09:04] [Server thread/INFO] (Minecraft) Saving chunks for level 'ServerLevel[New World]'/minecraft:the_nether
[16:09:04] [Server thread/INFO] (Minecraft) Saving chunks for level 'ServerLevel[New World]'/minecraft:the_end
[16:09:04] [Server thread/INFO] (Minecraft) Player131 lost connection: Disconnected
[16:09:04] [Server thread/INFO] (Minecraft) Player131 left the game
[16:09:05] [Server thread/INFO] (Minecraft) Stopping singleplayer server as player logged out
[16:09:05] [Server thread/INFO] (Minecraft) Stopping server
[16:09:05] [Server thread/INFO] (Minecraft) Saving players
[16:09:05] [Server thread/INFO] (Minecraft) Saving worlds
[16:09:42] [Server thread/INFO] (Minecraft) Saving chunks for level 'ServerLevel[New World]'/minecraft:overworld
[16:09:43] [Server thread/INFO] (Minecraft) Saving chunks for level 'ServerLevel[New World]'/minecraft:the_nether
[16:09:43] [Server thread/INFO] (Minecraft) Saving chunks for level 'ServerLevel[New World]'/minecraft:the_end
[16:09:45] [Server thread/INFO] (Minecraft) ThreadedAnvilChunkStorage (New World): All chunks are saved
[16:09:45] [Server thread/INFO] (Minecraft) ThreadedAnvilChunkStorage (DIM-1): All chunks are saved
[16:09:45] [Server thread/INFO] (Minecraft) ThreadedAnvilChunkStorage (DIM1): All chunks are saved
[16:09:45] [Server thread/INFO] (Minecraft) ThreadedAnvilChunkStorage: All dimensions are saved
[16:10:00] [Render thread/INFO] (Minecraft) Stopping!
